<?xml version="1.0" encoding="UTF-8"?>
<testsuite xmlns:xsi="http://www.w3.org/2001/XMLSchema-instance" xsi:noNamespaceSchemaLocation="https://maven.apache.org/surefire/maven-surefire-plugin/xsd/surefire-test-report.xsd" version="3.0.2" name="io.b2mash.b2b.gateway.GatewayApplicationTest" time="2.19" tests="1" errors="0" skipped="0" failures="0">
  <properties>
[...]
</properties>
  <testcase name="contextLoads" classname="io.b2mash.b2b.gateway.GatewayApplicationTest" time="0.367">
    <system-out><![CDATA[16:15:53.856 [main] INFO org.springframework.boot.test.context.SpringBootTestContextBootstrapper -- Found @SpringBootConfiguration io.b2mash.b2b.gateway.GatewayApplication for test class io.b2mash.b2b.gateway.GatewayApplicationTest

  .   ____          _            __ _ _
 /\\ / ___'_ __ _ _(_)_ __  __ _ \ \ \ \
( ( )\___ | '_ | '_| | '_ \/ _` | \ \ \ \
 \\/  ___)| |_)| | | | | || (_| |  ) ) ) )
  '  |____| .__|_| |_|_| |_\__, | / / / /
 =========|_|==============|___/=/_/_/_/

 :: Spring Boot ::                (v4.0.2)

2026-03-04T16:15:54.219+02:00  INFO 4247 --- [gateway] [           main] i.b.b2b.gateway.GatewayApplicationTest   : Starting GatewayApplicationTest using Java 25.0.1 with PID 4247 (started by rakheendama in /Users/rakheendama/Projects/2026/worktree-epic-268B/gateway)
2026-03-04T16:15:54.220+02:00  INFO 4247 --- [gateway] [           main] i.b.b2b.gateway.GatewayApplicationTest   : No active profile set, falling back to 1 default profile: "default"
2026-03-04T16:15:54.759+02:00  INFO 4247 --- [gateway] [           main] o.s.cloud.context.scope.GenericScope     : BeanFactory id=44991946-9933-311d-9047-c4e8286d9873
2026-03-04T16:15:55.458+02:00  INFO 4247 --- [gateway] [           main] o.s.b.a.e.web.EndpointLinksResolver      : Exposing 1 endpoint beneath base path '/actuator'
2026-03-04T16:15:55.494+02:00  INFO 4247 --- [gateway] [           main] i.b.b2b.gateway.GatewayApplicationTest   : Started GatewayApplicationTest in 1.449 seconds (process running for 2.129)
]]></system-out>
    <system-err><![CDATA[Mockito is currently self-attaching to enable the inline-mock-maker. This will no longer work in future releases of the JDK. Please add Mockito as an agent to your build as described in Mockito's documentation: https://javadoc.io/doc/org.mockito/mockito-core/latest/org.mockito/org/mockito/Mockito.html#0.3
WARNING: A Java agent has been loaded dynamically (/Users/rakheendama/.m2/repository/net/bytebuddy/byte-buddy-agent/1.17.8/byte-buddy-agent-1.17.8.jar)
WARNING: If a serviceability tool is in use, please run with -XX:+EnableDynamicAgentLoading to hide this warning
WARNING: If a serviceability tool is not in use, please run with -Djdk.instrument.traceUsage for more information
WARNING: Dynamic loading of agents will be disallowed by default in a future release
]]></system-err>
  </testcase>
</testsuite>